c:\users\slash\onedrive\desktop\programmazione di sistema\pds-detection-system-master\pds_detection_system\pds_detection_system\x64\release\pds_detection_system.pch
c:\users\slash\onedrive\desktop\programmazione di sistema\pds-detection-system-master\pds_detection_system\pds_detection_system\x64\release\vc142.pdb
c:\users\slash\onedrive\desktop\programmazione di sistema\pds-detection-system-master\pds_detection_system\pds_detection_system\x64\release\stdafx.obj
c:\users\slash\onedrive\desktop\programmazione di sistema\pds-detection-system-master\pds_detection_system\pds_detection_system\x64\release\tcpserver.obj
c:\users\slash\onedrive\desktop\programmazione di sistema\pds-detection-system-master\pds_detection_system\pds_detection_system\x64\release\probepacket.obj
c:\users\slash\onedrive\desktop\programmazione di sistema\pds-detection-system-master\pds_detection_system\pds_detection_system\x64\release\pds_detection_system.obj
c:\users\slash\onedrive\desktop\programmazione di sistema\pds-detection-system-master\pds_detection_system\pds_detection_system\x64\release\utilities.obj
c:\users\slash\onedrive\desktop\programmazione di sistema\pds-detection-system-master\pds_detection_system\pds_detection_system\x64\release\packetprocessor.obj
c:\users\slash\onedrive\desktop\programmazione di sistema\pds-detection-system-master\pds_detection_system\pds_detection_system\x64\release\source.obj
c:\users\slash\onedrive\desktop\programmazione di sistema\pds-detection-system-master\pds_detection_system\pds_detection_system\x64\release\coveragearea.obj
c:\users\slash\onedrive\desktop\programmazione di sistema\pds-detection-system-master\pds_detection_system\pds_detection_system\x64\release\blockingqueue.obj
c:\users\slash\onedrive\desktop\programmazione di sistema\pds-detection-system-master\pds_detection_system\x64\release\pds_detection_system.exe
c:\users\slash\onedrive\desktop\programmazione di sistema\pds-detection-system-master\pds_detection_system\x64\release\pds_detection_system.pdb
c:\users\slash\onedrive\desktop\programmazione di sistema\pds-detection-system-master\pds_detection_system\x64\release\pds_detection_system.ipdb
c:\users\slash\onedrive\desktop\programmazione di sistema\pds-detection-system-master\pds_detection_system\x64\release\pds_detection_system.iobj
c:\users\slash\onedrive\desktop\programmazione di sistema\pds-detection-system-master\pds_detection_system\pds_detection_system\x64\release\pds_detection_system.res
c:\users\slash\onedrive\desktop\programmazione di sistema\pds-detection-system-master\pds_detection_system\pds_detection_system\x64\release\pds_dete.e8c67ed5.tlog\cl.command.1.tlog
c:\users\slash\onedrive\desktop\programmazione di sistema\pds-detection-system-master\pds_detection_system\pds_detection_system\x64\release\pds_dete.e8c67ed5.tlog\cl.read.1.tlog
c:\users\slash\onedrive\desktop\programmazione di sistema\pds-detection-system-master\pds_detection_system\pds_detection_system\x64\release\pds_dete.e8c67ed5.tlog\cl.write.1.tlog
c:\users\slash\onedrive\desktop\programmazione di sistema\pds-detection-system-master\pds_detection_system\pds_detection_system\x64\release\pds_dete.e8c67ed5.tlog\link.command.1.tlog
c:\users\slash\onedrive\desktop\programmazione di sistema\pds-detection-system-master\pds_detection_system\pds_detection_system\x64\release\pds_dete.e8c67ed5.tlog\link.read.1.tlog
c:\users\slash\onedrive\desktop\programmazione di sistema\pds-detection-system-master\pds_detection_system\pds_detection_system\x64\release\pds_dete.e8c67ed5.tlog\link.write.1.tlog
c:\users\slash\onedrive\desktop\programmazione di sistema\pds-detection-system-master\pds_detection_system\pds_detection_system\x64\release\pds_dete.e8c67ed5.tlog\pds_detection_system.write.1u.tlog
c:\users\slash\onedrive\desktop\programmazione di sistema\pds-detection-system-master\pds_detection_system\pds_detection_system\x64\release\pds_dete.e8c67ed5.tlog\rc.command.1.tlog
c:\users\slash\onedrive\desktop\programmazione di sistema\pds-detection-system-master\pds_detection_system\pds_detection_system\x64\release\pds_dete.e8c67ed5.tlog\rc.read.1.tlog
c:\users\slash\onedrive\desktop\programmazione di sistema\pds-detection-system-master\pds_detection_system\pds_detection_system\x64\release\pds_dete.e8c67ed5.tlog\rc.write.1.tlog
